d:\stol\5 semestr\pos\semestralka\pong\pong\debug\vc142.pdb
d:\stol\5 semestr\pos\semestralka\pong\pong\debug\vc142.idb
d:\stol\5 semestr\pos\semestralka\pong\pong\debug\main.obj
d:\stol\5 semestr\pos\semestralka\pong\pong\debug\cpaddle.obj
d:\stol\5 semestr\pos\semestralka\pong\pong\debug\cgamemanger.obj
d:\stol\5 semestr\pos\semestralka\pong\pong\debug\cball.obj
d:\stol\5 semestr\pos\semestralka\pong\pong\debug\sclient.obj
d:\stol\5 semestr\pos\semestralka\pong\pong\debug\sserver.obj
d:\stol\5 semestr\pos\semestralka\pong\debug\pong.exe
d:\stol\5 semestr\pos\semestralka\pong\debug\pong.ilk
d:\stol\5 semestr\pos\semestralka\pong\debug\pong.pdb
d:\stol\5 semestr\pos\semestralka\pong\pong\debug\pong.tlog\cl.command.1.tlog
d:\stol\5 semestr\pos\semestralka\pong\pong\debug\pong.tlog\cl.read.1.tlog
d:\stol\5 semestr\pos\semestralka\pong\pong\debug\pong.tlog\cl.write.1.tlog
d:\stol\5 semestr\pos\semestralka\pong\pong\debug\pong.tlog\link-cvtres.read.1.tlog
d:\stol\5 semestr\pos\semestralka\pong\pong\debug\pong.tlog\link-cvtres.write.1.tlog
d:\stol\5 semestr\pos\semestralka\pong\pong\debug\pong.tlog\link-rc.read.1.tlog
d:\stol\5 semestr\pos\semestralka\pong\pong\debug\pong.tlog\link-rc.write.1.tlog
d:\stol\5 semestr\pos\semestralka\pong\pong\debug\pong.tlog\link.19412-cvtres.read.1.tlog
d:\stol\5 semestr\pos\semestralka\pong\pong\debug\pong.tlog\link.19412-cvtres.write.1.tlog
d:\stol\5 semestr\pos\semestralka\pong\pong\debug\pong.tlog\link.19412-rc.read.1.tlog
d:\stol\5 semestr\pos\semestralka\pong\pong\debug\pong.tlog\link.19412-rc.write.1.tlog
d:\stol\5 semestr\pos\semestralka\pong\pong\debug\pong.tlog\link.19412.read.1.tlog
d:\stol\5 semestr\pos\semestralka\pong\pong\debug\pong.tlog\link.19412.write.1.tlog
d:\stol\5 semestr\pos\semestralka\pong\pong\debug\pong.tlog\link.command.1.tlog
d:\stol\5 semestr\pos\semestralka\pong\pong\debug\pong.tlog\link.read.1.tlog
d:\stol\5 semestr\pos\semestralka\pong\pong\debug\pong.tlog\link.write.1.tlog
